
2018-04-04T23:05:00+02:00 [RoomLog] room was created.
2018-04-04T23:05:00+02:00 [RoomLog] room_capabilities was created.
2018-04-04T23:05:00+02:00 [RoomLog] room_capabilities was created.
2018-04-04T23:32:00+02:00 [RoomUpdateLog] room_capabilities was updated.
2018-04-04T23:32:00+02:00 [RoomUpdateLog] room was updated.
2018-04-04T23:35:08+02:00 [RoomUpdateLog] room_capabilities was deleted.
2018-04-04T23:35:08+02:00 [RoomUpdateLog] room_capabilities was updated.
2018-04-04T23:35:08+02:00 [RoomUpdateLog] room was updated.
2018-04-04T23:36:19+02:00 [RoomUpdateLog] room_capabilities was deleted.
2018-04-04T23:36:19+02:00 [RoomUpdateLog] room_capabilities was updated.
2018-04-04T23:36:19+02:00 [RoomUpdateLog] room was updated.
2018-04-04T23:37:56+02:00 [RoomUpdateLog] room_capabilities was deleted.
2018-04-04T23:37:56+02:00 [RoomUpdateLog] room_capabilities was created.
2018-04-04T23:37:56+02:00 [RoomUpdateLog] room was updated.
2018-04-04T23:38:38+02:00 [RoomUpdateLog] room_capabilities was deleted.
2018-04-04T23:38:38+02:00 [RoomUpdateLog] room_capabilities was created.
2018-04-04T23:38:38+02:00 [RoomUpdateLog] room_capabilities was created.
2018-04-04T23:38:38+02:00 [RoomUpdateLog] room was updated.
2018-04-04T23:38:50+02:00 [RoomUpdateLog] room_capabilities was deleted.
2018-04-04T23:38:50+02:00 [RoomUpdateLog] room_capabilities was created.
2018-04-04T23:38:51+02:00 [RoomUpdateLog] room_capabilities was created.
2018-04-04T23:38:51+02:00 [RoomUpdateLog] room was updated.
2018-04-04T23:39:00+02:00 [RoomUpdateLog] room_capabilities was deleted.
2018-04-04T23:39:00+02:00 [RoomUpdateLog] room_capabilities was created.
2018-04-04T23:39:00+02:00 [RoomUpdateLog] room was updated.
2018-04-04T23:39:12+02:00 [RoomUpdateLog] room was updated.
2018-04-04T23:39:32+02:00 [RoomUpdateLog] room was updated.
